<!DOCTYPE html>
<html lang="ru">
<head>
    <meta charset="UTF-8">
    <meta name="viewport" content="width=device-width, initial-scale=1.0">
    <title>Калькулятор заработка</title>
    <style>
        body {
            font-family: Arial, sans-serif;
            margin: 40px;
            background-color: #f5f5f5;
        }
        .container {
            max-width: 500px;
            margin: 0 auto;
            padding: 20px;
            background-color: white;
            border-radius: 8px;
            box-shadow: 0 2px 10px rgba(0, 0, 0, 0.1);
        }
        h1 {
            text-align: center;
            color: #333;
        }
        label {
            display: block;
            margin: 10px 0 5px;
            font-weight: bold;
        }
        input[type="number"], input[type="time"] {
            width: 100%;
            padding: 10px;
            border: 1px solid #ddd;
            border-radius: 4px;
            box-sizing: border-box;
        }
        button {
            margin-top: 20px;
            padding: 10px 20px;
            background-color: #4CAF50;
            color: white;
            border: none;
            border-radius: 4px;
            cursor: pointer;
            font-size: 16px;
        }
        button:hover {
            background-color: #45a049;
        }
        .result {
            margin-top: 20px;
            padding: 15px;
            background-color: #e9f7ef;
            border-left: 4px solid #4CAF50;
            display: none;
        }
    </style>
</head>
<body>
    <div class="container">
        <h1>Калькулятор заработка</h1>
        <label for="rate">Почасовая ставка (руб.):</label>
        <input type="number" id="rate" placeholder="Например, 500" step="0.01" min="0">

        <label for="time">Отработанное время:</label>
        <input type="time" id="time" value="08:00">

        <button onclick="calculateEarnings()">Рассчитать</button>

        <div id="result" class="result"></div>
    </div>

    <script>
        function calculateEarnings() {
            // Получаем значения из полей
            const rate = parseFloat(document.getElementById('rate').value);
            const timeInput = document.getElementById('time').value;

            // Проверяем, что все поля заполнены
            if (isNaN(rate) || rate <= 0) {
                alert('Пожалуйста, укажите корректную почасовую ставку (больше 0).');
                return;
            }
            if (!timeInput) {
                alert('Пожалуйста, укажите отработанное время.');
                return;
            }

            // Разбираем время на часы и минуты
            const [hours, minutes] = timeInput.split(':').map(Number);

            // Переводим минуты в часы (например, 30 мин = 0.5 ч)
            const totalHours = hours + (minutes / 60);

            // Считаем заработок
            const earnings = rate * totalHours;

            // Выводим результат
            const resultDiv = document.getElementById('result');
            resultDiv.style.display = 'block';
            resultDiv.textContent = `Заработок: ${earnings.toFixed(2)} руб.`;
        }
    </script>
</body>
</html>
